

Microchip Technology PIC LITE Macro Assembler V1.33 build 59893 
                                                                                               Mon Jan 26 12:19:55 2015

Microchip Technology Omniscient Code Generator (Lite mode) build 59893
     1                           	processor	16F690
     2                           	opt	pw 120
     3                           	opt	lm
     4                           	psect	text0,local,class=CODE,merge=1,delta=2
     5                           	psect	cinit,global,class=CODE,merge=1,delta=2
     6                           	psect	bssCOMMON,global,class=COMMON,space=1,delta=1
     7                           	psect	bssBANK0,global,class=BANK0,space=1,delta=1
     8                           	psect	cstackCOMMON,global,class=COMMON,space=1,delta=1
     9                           	psect	cstackBANK0,global,class=BANK0,space=1,delta=1
    10                           	psect	maintext,global,class=CODE,split=1,delta=2
    11                           	psect	text1,local,class=CODE,merge=1,delta=2
    12                           	psect	text2,local,class=CODE,merge=1,delta=2
    13                           	psect	text3,local,class=CODE,merge=1,delta=2
    14                           	psect	text4,local,class=CODE,merge=1,delta=2
    15                           	psect	text5,local,class=CODE,merge=1,delta=2
    16                           	psect	text6,local,class=CODE,merge=1,delta=2
    17                           	psect	text7,local,class=CODE,merge=1,delta=2
    18                           	psect	text8,local,class=CODE,merge=1,delta=2
    19                           	psect	text9,local,class=CODE,merge=1,delta=2
    20                           	psect	text10,local,class=CODE,merge=1,delta=2
    21                           	psect	intentry,global,class=CODE,delta=2
    22                           	psect	text11,local,class=CODE,merge=1,delta=2
    23                           	dabs	1,0x7E,2
    24  0000                     	;# 
    25  0001                     	;# 
    26  0002                     	;# 
    27  0003                     	;# 
    28  0004                     	;# 
    29  0005                     	;# 
    30  0006                     	;# 
    31  0007                     	;# 
    32  000A                     	;# 
    33  000B                     	;# 
    34  000C                     	;# 
    35  000D                     	;# 
    36  000E                     	;# 
    37  000E                     	;# 
    38  000F                     	;# 
    39  0010                     	;# 
    40  0011                     	;# 
    41  0012                     	;# 
    42  0013                     	;# 
    43  0014                     	;# 
    44  0015                     	;# 
    45  0015                     	;# 
    46  0016                     	;# 
    47  0017                     	;# 
    48  0018                     	;# 
    49  0019                     	;# 
    50  001A                     	;# 
    51  001C                     	;# 
    52  001D                     	;# 
    53  001E                     	;# 
    54  001F                     	;# 
    55  0081                     	;# 
    56  0085                     	;# 
    57  0086                     	;# 
    58  0087                     	;# 
    59  008C                     	;# 
    60  008D                     	;# 
    61  008E                     	;# 
    62  008F                     	;# 
    63  0090                     	;# 
    64  0092                     	;# 
    65  0093                     	;# 
    66  0093                     	;# 
    67  0093                     	;# 
    68  0094                     	;# 
    69  0095                     	;# 
    70  0095                     	;# 
    71  0096                     	;# 
    72  0096                     	;# 
    73  0097                     	;# 
    74  0098                     	;# 
    75  0099                     	;# 
    76  009A                     	;# 
    77  009B                     	;# 
    78  009E                     	;# 
    79  009F                     	;# 
    80  010C                     	;# 
    81  010C                     	;# 
    82  010D                     	;# 
    83  010E                     	;# 
    84  010F                     	;# 
    85  0115                     	;# 
    86  0116                     	;# 
    87  0118                     	;# 
    88  0119                     	;# 
    89  011A                     	;# 
    90  011B                     	;# 
    91  011E                     	;# 
    92  011F                     	;# 
    93  018C                     	;# 
    94  018D                     	;# 
    95  019D                     	;# 
    96  019E                     	;# 
    97  0000                     	;# 
    98  0001                     	;# 
    99  0002                     	;# 
   100  0003                     	;# 
   101  0004                     	;# 
   102  0005                     	;# 
   103  0006                     	;# 
   104  0007                     	;# 
   105  000A                     	;# 
   106  000B                     	;# 
   107  000C                     	;# 
   108  000D                     	;# 
   109  000E                     	;# 
   110  000E                     	;# 
   111  000F                     	;# 
   112  0010                     	;# 
   113  0011                     	;# 
   114  0012                     	;# 
   115  0013                     	;# 
   116  0014                     	;# 
   117  0015                     	;# 
   118  0015                     	;# 
   119  0016                     	;# 
   120  0017                     	;# 
   121  0018                     	;# 
   122  0019                     	;# 
   123  001A                     	;# 
   124  001C                     	;# 
   125  001D                     	;# 
   126  001E                     	;# 
   127  001F                     	;# 
   128  0081                     	;# 
   129  0085                     	;# 
   130  0086                     	;# 
   131  0087                     	;# 
   132  008C                     	;# 
   133  008D                     	;# 
   134  008E                     	;# 
   135  008F                     	;# 
   136  0090                     	;# 
   137  0092                     	;# 
   138  0093                     	;# 
   139  0093                     	;# 
   140  0093                     	;# 
   141  0094                     	;# 
   142  0095                     	;# 
   143  0095                     	;# 
   144  0096                     	;# 
   145  0096                     	;# 
   146  0097                     	;# 
   147  0098                     	;# 
   148  0099                     	;# 
   149  009A                     	;# 
   150  009B                     	;# 
   151  009E                     	;# 
   152  009F                     	;# 
   153  010C                     	;# 
   154  010C                     	;# 
   155  010D                     	;# 
   156  010E                     	;# 
   157  010F                     	;# 
   158  0115                     	;# 
   159  0116                     	;# 
   160  0118                     	;# 
   161  0119                     	;# 
   162  011A                     	;# 
   163  011B                     	;# 
   164  011E                     	;# 
   165  011F                     	;# 
   166  018C                     	;# 
   167  018D                     	;# 
   168  019D                     	;# 
   169  019E                     	;# 
   170  0000                     	;# 
   171  0001                     	;# 
   172  0002                     	;# 
   173  0003                     	;# 
   174  0004                     	;# 
   175  0005                     	;# 
   176  0006                     	;# 
   177  0007                     	;# 
   178  000A                     	;# 
   179  000B                     	;# 
   180  000C                     	;# 
   181  000D                     	;# 
   182  000E                     	;# 
   183  000E                     	;# 
   184  000F                     	;# 
   185  0010                     	;# 
   186  0011                     	;# 
   187  0012                     	;# 
   188  0013                     	;# 
   189  0014                     	;# 
   190  0015                     	;# 
   191  0015                     	;# 
   192  0016                     	;# 
   193  0017                     	;# 
   194  0018                     	;# 
   195  0019                     	;# 
   196  001A                     	;# 
   197  001C                     	;# 
   198  001D                     	;# 
   199  001E                     	;# 
   200  001F                     	;# 
   201  0081                     	;# 
   202  0085                     	;# 
   203  0086                     	;# 
   204  0087                     	;# 
   205  008C                     	;# 
   206  008D                     	;# 
   207  008E                     	;# 
   208  008F                     	;# 
   209  0090                     	;# 
   210  0092                     	;# 
   211  0093                     	;# 
   212  0093                     	;# 
   213  0093                     	;# 
   214  0094                     	;# 
   215  0095                     	;# 
   216  0095                     	;# 
   217  0096                     	;# 
   218  0096                     	;# 
   219  0097                     	;# 
   220  0098                     	;# 
   221  0099                     	;# 
   222  009A                     	;# 
   223  009B                     	;# 
   224  009E                     	;# 
   225  009F                     	;# 
   226  010C                     	;# 
   227  010C                     	;# 
   228  010D                     	;# 
   229  010E                     	;# 
   230  010F                     	;# 
   231  0115                     	;# 
   232  0116                     	;# 
   233  0118                     	;# 
   234  0119                     	;# 
   235  011A                     	;# 
   236  011B                     	;# 
   237  011E                     	;# 
   238  011F                     	;# 
   239  018C                     	;# 
   240  018D                     	;# 
   241  019D                     	;# 
   242  019E                     	;# 
   243  0017                     _CCP1CON	set	23
   244  0015                     _CCPR1L	set	21
   245  000C                     _PIR1	set	12
   246  0006                     _PORTB	set	6
   247  0007                     _PORTC	set	7
   248  001C                     _PWM1CON	set	28
   249  0013                     _SSPBUF	set	19
   250  0014                     _SSPCON	set	20
   251  0012                     _T2CON	set	18
   252  005F                     _GIE	set	95
   253  005B                     _RABIE	set	91
   254  0058                     _RABIF	set	88
   255  0092                     _PR2	set	146
   256  0094                     _SSPSTAT	set	148
   257  0086                     _TRISB	set	134
   258  0087                     _TRISC	set	135
   259  011E                     _ANSEL	set	286
   260  011F                     _ANSELH	set	287
   261  08B5                     _IOCB5	set	2229
   262  08B7                     _IOCB7	set	2231
   263                           
   264                           	psect	text0
   265  0000                     __ptext0:	
   266                           ; #config settings
   267                           
   268                           
   269                           	psect	cinit
   270  0013                     start_initialization:	
   271                           ;psect for function _motor_stop
   272                           
   273  0013                     __initialization:	
   274                           
   275                           ; Clear objects allocated to COMMON
   276  0013  01F6               	clrf	__pbssCOMMON& (0+127)
   277  0014  01F7               	clrf	(__pbssCOMMON+1)& (0+127)
   278  0015  01F8               	clrf	(__pbssCOMMON+2)& (0+127)
   279                           
   280                           ; Clear objects allocated to BANK0
   281  0016  01AB               	clrf	__pbssBANK0& (0+127)
   282  0017  01AC               	clrf	(__pbssBANK0+1)& (0+127)
   283  0018                     end_of_initialization:	
   284                           ;End of C runtime variable initialization code
   285                           
   286  0018                     __end_of__initialization:	
   287  0018  0183               	clrf	3
   288  0019  118A  2854         	ljmp	_main	;jump to C main() function
   289                           
   290                           	psect	bssCOMMON
   291  0076                     __pbssCOMMON:	
   292  0076                     _byte:	
   293  0076                     	ds	1
   294  0077                     _limit_left:	
   295  0077                     	ds	1
   296  0078                     _limit_right:	
   297  0078                     	ds	1
   298                           
   299                           	psect	bssBANK0
   300  002B                     __pbssBANK0:	
   301  002B                     _i:	
   302  002B                     	ds	2
   303                           
   304                           	psect	cstackCOMMON
   305  0070                     __pcstackCOMMON:	
   306  0070                     ?_initSPI:	
   307  0070                     ?_Motor_control_init:	
   308                           ; 0 bytes @ 0x0
   309                           
   310  0070                     ?_initMaster:	
   311                           ; 0 bytes @ 0x0
   312                           
   313  0070                     ?_transmitData:	
   314                           ; 0 bytes @ 0x0
   315                           
   316  0070                     ?_readBuffer:	
   317                           ; 0 bytes @ 0x0
   318                           
   319  0070                     ?_motor_stop:	
   320                           ; 0 bytes @ 0x0
   321                           
   322  0070                     ??_motor_stop:	
   323                           ; 0 bytes @ 0x0
   324                           
   325  0070                     ?_PWM_init:	
   326                           ; 0 bytes @ 0x0
   327                           
   328  0070                     ?_stopper_init:	
   329                           ; 0 bytes @ 0x0
   330                           
   331  0070                     ?_IOC_ISR:	
   332                           ; 0 bytes @ 0x0
   333                           
   334                           
   335                           ; 0 bytes @ 0x0
   336  0070                     	ds	1
   337  0071                     ??_IOC_ISR:	
   338                           
   339                           ; 0 bytes @ 0x1
   340  0071                     	ds	5
   341                           
   342                           	psect	cstackBANK0
   343  0020                     __pcstackBANK0:	
   344  0020                     ??_initSPI:	
   345  0020                     ??_initMaster:	
   346                           ; 0 bytes @ 0x0
   347                           
   348  0020                     ??_transmitData:	
   349                           ; 0 bytes @ 0x0
   350                           
   351  0020                     ?_motor_start:	
   352                           ; 0 bytes @ 0x0
   353                           
   354  0020                     ??_PWM_init:	
   355                           ; 0 bytes @ 0x0
   356                           
   357  0020                     ??_stopper_init:	
   358                           ; 0 bytes @ 0x0
   359                           
   360  0020                     transmitData@data:	
   361                           ; 0 bytes @ 0x0
   362                           
   363  0020                     motor_start@speed:	
   364                           ; 1 bytes @ 0x0
   365                           
   366                           
   367                           ; 2 bytes @ 0x0
   368  0020                     	ds	1
   369  0021                     ??_Motor_control_init:	
   370  0021                     ?_readRegisters:	
   371                           ; 0 bytes @ 0x1
   372                           
   373  0021                     readRegisters@amountOfAddresses:	
   374                           ; 0 bytes @ 0x1
   375                           
   376                           
   377                           ; 2 bytes @ 0x1
   378  0021                     	ds	1
   379  0022                     ??_motor_start:	
   380                           
   381                           ; 0 bytes @ 0x2
   382  0022                     	ds	1
   383  0023                     ??_readRegisters:	
   384  0023                     motor_start@dir:	
   385                           ; 0 bytes @ 0x3
   386                           
   387                           
   388                           ; 1 bytes @ 0x3
   389  0023                     	ds	1
   390  0024                     readRegisters@startAddress:	
   391                           
   392                           ; 1 bytes @ 0x4
   393  0024                     	ds	1
   394  0025                     ??_readBuffer:	
   395                           
   396                           ; 0 bytes @ 0x5
   397  0025                     	ds	1
   398  0026                     ?_main:	
   399  0026                     main@argc:	
   400                           ; 2 bytes @ 0x6
   401                           
   402                           
   403                           ; 2 bytes @ 0x6
   404  0026                     	ds	2
   405  0028                     main@argv:	
   406                           
   407                           ; 2 bytes @ 0x8
   408  0028                     	ds	2
   409  002A                     ??_main:	
   410                           
   411                           ; 0 bytes @ 0xA
   412  002A                     	ds	1
   413                           
   414                           	psect	maintext
   415  0054                     __pmaintext:	
   416 ;;
   417 ;;Main: autosize = 0, tempsize = 1, incstack = 0, save=0
   418 ;;
   419 ;; *************** function _main *****************
   420 ;; Defined at:
   421 ;;		line 15 in file "main.c"
   422 ;; Parameters:    Size  Location     Type
   423 ;;  argc            2    6[BANK0 ] int 
   424 ;;  argv            2    8[BANK0 ] PTR PTR unsigned char 
   425 ;; Auto vars:     Size  Location     Type
   426 ;;		None
   427 ;; Return value:  Size  Location     Type
   428 ;;                  2    6[BANK0 ] int 
   429 ;; Registers used:
   430 ;;		wreg, status,2, status,0, pclath, cstack
   431 ;; Tracked objects:
   432 ;;		On entry : 17F/0
   433 ;;		On exit  : 0/0
   434 ;;		Unchanged: 0/0
   435 ;; Data sizes:     COMMON   BANK0   BANK1   BANK2
   436 ;;      Params:         0       4       0       0
   437 ;;      Locals:         0       0       0       0
   438 ;;      Temps:          0       1       0       0
   439 ;;      Totals:         0       5       0       0
   440 ;;Total ram usage:        5 bytes
   441 ;; Hardware stack levels required when called:    5
   442 ;; This function calls:
   443 ;;		_Motor_control_init
   444 ;;		_initMaster
   445 ;;		_initSPI
   446 ;;		_readBuffer
   447 ;;		_transmitData
   448 ;; This function is called by:
   449 ;;		Startup code after reset
   450 ;; This function uses a non-reentrant model
   451 ;;
   452                           
   453                           
   454                           ;psect for function _main
   455  0054                     _main:	
   456                           
   457                           ;main.c: 16: initSPI();
   458                           
   459                           ;incstack = 0
   460                           ; Regs used in _main: [wreg+status,2+status,0+pclath+cstack]
   461  0054  118A  2167  118A   	fcall	_initSPI
   462                           
   463                           ;main.c: 18: Motor_control_init();
   464  0057  118A  2185  118A   	fcall	_Motor_control_init
   465                           
   466                           ;main.c: 20: initMaster();
   467  005A  118A  2114  118A   	fcall	_initMaster
   468                           
   469                           ;main.c: 22: PORTC |= 0x40;
   470  005D  1283               	bcf	3,5	;RP0=0, select bank0
   471  005E  1303               	bcf	3,6	;RP1=0, select bank0
   472  005F  1707               	bsf	7,6	;volatile
   473                           
   474                           ;main.c: 23: PORTC &= ~(0x40);
   475  0060  30BF               	movlw	191
   476  0061  00AA               	movwf	??_main
   477  0062  082A               	movf	??_main,w
   478  0063  0587               	andwf	7,f	;volatile
   479                           
   480                           ;main.c: 24: transmitData(0x02);
   481  0064  3002               	movlw	2
   482  0065  118A  217F  118A   	fcall	_transmitData
   483                           
   484                           ;main.c: 25: transmitData(0x60);
   485  0068  3060               	movlw	96
   486  0069  118A  217F  118A   	fcall	_transmitData
   487                           
   488                           ;main.c: 26: transmitData(0x60);
   489  006C  3060               	movlw	96
   490  006D  118A  217F  118A   	fcall	_transmitData
   491                           
   492                           ;main.c: 28: PORTC |= 0x40;
   493  0070  1283               	bcf	3,5	;RP0=0, select bank0
   494  0071  1303               	bcf	3,6	;RP1=0, select bank0
   495  0072  1707               	bsf	7,6	;volatile
   496                           
   497                           ;main.c: 29: PORTC &= ~(0x40);
   498  0073  30BF               	movlw	191
   499  0074  00AA               	movwf	??_main
   500  0075  082A               	movf	??_main,w
   501  0076  0587               	andwf	7,f	;volatile
   502                           
   503                           ;main.c: 30: transmitData(0x02);
   504  0077  3002               	movlw	2
   505  0078  118A  217F  118A   	fcall	_transmitData
   506                           
   507                           ;main.c: 31: transmitData(0x0F);
   508  007B  300F               	movlw	15
   509  007C  118A  217F  118A   	fcall	_transmitData
   510                           
   511                           ;main.c: 32: transmitData(0x07);
   512  007F  3007               	movlw	7
   513  0080  118A  217F  118A   	fcall	_transmitData
   514  0083                     l1110:	
   515                           ;main.c: 39: while(1)
   516                           
   517                           
   518                           ;main.c: 40: {
   519                           ;main.c: 41: readBuffer();
   520  0083  118A  201B  118A   	fcall	_readBuffer
   521  0086  2883               	goto	l1110
   522  0087                     __end_of_main:	
   523                           ;main.c: 42: }
   524                           ;main.c: 43: return (0);
   525                           ;	Return value of _main is never used
   526                           
   527                           
   528                           	psect	text1
   529  001B                     __ptext1:	
   530 ;; *************** function _readBuffer *****************
   531 ;; Defined at:
   532 ;;		line 138 in file "SPI.c"
   533 ;; Parameters:    Size  Location     Type
   534 ;;		None
   535 ;; Auto vars:     Size  Location     Type
   536 ;;		None
   537 ;; Return value:  Size  Location     Type
   538 ;;		None               void
   539 ;; Registers used:
   540 ;;		wreg, status,2, status,0, pclath, cstack
   541 ;; Tracked objects:
   542 ;;		On entry : 0/0
   543 ;;		On exit  : 0/0
   544 ;;		Unchanged: 0/0
   545 ;; Data sizes:     COMMON   BANK0   BANK1   BANK2
   546 ;;      Params:         0       0       0       0
   547 ;;      Locals:         0       0       0       0
   548 ;;      Temps:          0       1       0       0
   549 ;;      Totals:         0       1       0       0
   550 ;;Total ram usage:        1 bytes
   551 ;; Hardware stack levels used:    1
   552 ;; Hardware stack levels required when called:    4
   553 ;; This function calls:
   554 ;;		_motor_start
   555 ;;		_readRegisters
   556 ;;		_transmitData
   557 ;; This function is called by:
   558 ;;		_main
   559 ;; This function uses a non-reentrant model
   560 ;;
   561                           
   562                           
   563                           ;psect for function _readBuffer
   564  001B                     _readBuffer:	
   565                           
   566                           ;SPI.c: 140: PORTC |= 0x40;
   567                           
   568                           ;incstack = 0
   569                           ; Regs used in _readBuffer: [wreg+status,2+status,0+pclath+cstack]
   570  001B  1283               	bcf	3,5	;RP0=0, select bank0
   571  001C  1303               	bcf	3,6	;RP1=0, select bank0
   572  001D  1707               	bsf	7,6	;volatile
   573                           
   574                           ;SPI.c: 141: PORTC &= ~(0x40);
   575  001E  30BF               	movlw	191
   576  001F  00A5               	movwf	??_readBuffer
   577  0020  0825               	movf	??_readBuffer,w
   578  0021  0587               	andwf	7,f	;volatile
   579                           
   580                           ;SPI.c: 142: transmitData(0x02);
   581  0022  3002               	movlw	2
   582  0023  118A  217F  118A   	fcall	_transmitData
   583                           
   584                           ;SPI.c: 143: transmitData(0x2C);
   585  0026  302C               	movlw	44
   586  0027  118A  217F  118A   	fcall	_transmitData
   587                           
   588                           ;SPI.c: 144: transmitData(0x00);
   589  002A  3000               	movlw	0
   590  002B  118A  217F  118A   	fcall	_transmitData
   591                           
   592                           ;SPI.c: 146: readRegisters(0x66, 1);
   593  002E  3001               	movlw	1
   594  002F  1283               	bcf	3,5	;RP0=0, select bank0
   595  0030  1303               	bcf	3,6	;RP1=0, select bank0
   596  0031  00A1               	movwf	readRegisters@amountOfAddresses
   597  0032  3000               	movlw	0
   598  0033  00A2               	movwf	readRegisters@amountOfAddresses+1
   599  0034  3066               	movlw	102
   600  0035  118A  2087  118A   	fcall	_readRegisters
   601                           
   602                           ;SPI.c: 154: if (SSPBUF == 0xDD)
   603  0038  1283               	bcf	3,5	;RP0=0, select bank0
   604  0039  1303               	bcf	3,6	;RP1=0, select bank0
   605  003A  0813               	movf	19,w	;volatile
   606  003B  3ADD               	xorlw	221
   607  003C  1D03               	skipz
   608  003D  2846               	goto	l1086
   609                           
   610                           ;SPI.c: 155: {
   611                           ;SPI.c: 156: motor_start(1, 0x01);
   612  003E  3001               	movlw	1
   613  003F  00A0               	movwf	motor_start@speed
   614  0040  3000               	movlw	0
   615  0041  00A1               	movwf	motor_start@speed+1
   616  0042  3001               	movlw	1
   617  0043  118A  20B6  118A   	fcall	_motor_start
   618  0046                     l1086:	
   619                           
   620                           ;SPI.c: 157: }
   621                           ;SPI.c: 159: if (SSPBUF == 0xEE)
   622  0046  1283               	bcf	3,5	;RP0=0, select bank0
   623  0047  1303               	bcf	3,6	;RP1=0, select bank0
   624  0048  0813               	movf	19,w	;volatile
   625  0049  3AEE               	xorlw	238
   626  004A  1D03               	skipz
   627  004B  0008               	return
   628                           
   629                           ;SPI.c: 160: {
   630                           ;SPI.c: 161: motor_start(0, 0x7F);
   631  004C  307F               	movlw	127
   632  004D  00A0               	movwf	motor_start@speed
   633  004E  3000               	movlw	0
   634  004F  00A1               	movwf	motor_start@speed+1
   635  0050  3000               	movlw	0
   636  0051  118A  20B6         	fcall	_motor_start
   637  0053  0008               	return
   638  0054                     __end_of_readBuffer:	
   639                           
   640                           	psect	text2
   641  0087                     __ptext2:	
   642 ;; *************** function _readRegisters *****************
   643 ;; Defined at:
   644 ;;		line 123 in file "SPI.c"
   645 ;; Parameters:    Size  Location     Type
   646 ;;  startAddress    1    wreg     unsigned char 
   647 ;;  amountOfAddr    2    1[BANK0 ] int 
   648 ;; Auto vars:     Size  Location     Type
   649 ;;  startAddress    1    4[BANK0 ] unsigned char 
   650 ;; Return value:  Size  Location     Type
   651 ;;		None               void
   652 ;; Registers used:
   653 ;;		wreg, status,2, status,0, pclath, cstack
   654 ;; Tracked objects:
   655 ;;		On entry : 0/0
   656 ;;		On exit  : 0/0
   657 ;;		Unchanged: 0/0
   658 ;; Data sizes:     COMMON   BANK0   BANK1   BANK2
   659 ;;      Params:         0       2       0       0
   660 ;;      Locals:         0       1       0       0
   661 ;;      Temps:          0       1       0       0
   662 ;;      Totals:         0       4       0       0
   663 ;;Total ram usage:        4 bytes
   664 ;; Hardware stack levels used:    1
   665 ;; Hardware stack levels required when called:    3
   666 ;; This function calls:
   667 ;;		_transmitData
   668 ;; This function is called by:
   669 ;;		_readBuffer
   670 ;; This function uses a non-reentrant model
   671 ;;
   672                           
   673                           
   674                           ;psect for function _readRegisters
   675  0087                     _readRegisters:	
   676                           
   677                           ;incstack = 0
   678                           ; Regs used in _readRegisters: [wreg+status,2+status,0+pclath+cstack]
   679                           ;readRegisters@startAddress stored from wreg
   680  0087  1283               	bcf	3,5	;RP0=0, select bank0
   681  0088  1303               	bcf	3,6	;RP1=0, select bank0
   682  0089  00A4               	movwf	readRegisters@startAddress
   683                           
   684                           ;SPI.c: 125: i = 0;
   685  008A  01AB               	clrf	_i
   686  008B  01AC               	clrf	_i+1
   687                           
   688                           ;SPI.c: 126: PORTC |= 0x40;
   689  008C  1707               	bsf	7,6	;volatile
   690                           
   691                           ;SPI.c: 127: PORTC &= ~(0x40);
   692  008D  30BF               	movlw	191
   693  008E  00A3               	movwf	??_readRegisters
   694  008F  0823               	movf	??_readRegisters,w
   695  0090  0587               	andwf	7,f	;volatile
   696                           
   697                           ;SPI.c: 129: transmitData(0x03);
   698  0091  3003               	movlw	3
   699  0092  118A  217F  118A   	fcall	_transmitData
   700                           
   701                           ;SPI.c: 130: transmitData(startAddress);
   702  0095  1283               	bcf	3,5	;RP0=0, select bank0
   703  0096  1303               	bcf	3,6	;RP1=0, select bank0
   704  0097  0824               	movf	readRegisters@startAddress,w
   705  0098  118A  217F  118A   	fcall	_transmitData
   706  009B                     l1010:	
   707                           ;SPI.c: 131: while(i < amountOfAddresses)
   708                           
   709  009B  1283               	bcf	3,5	;RP0=0, select bank0
   710  009C  1303               	bcf	3,6	;RP1=0, select bank0
   711  009D  082C               	movf	_i+1,w
   712  009E  3A80               	xorlw	128
   713  009F  00A3               	movwf	??_readRegisters
   714  00A0  0822               	movf	readRegisters@amountOfAddresses+1,w
   715  00A1  3A80               	xorlw	128
   716  00A2  0223               	subwf	??_readRegisters,w
   717  00A3  1D03               	skipz
   718  00A4  28A7               	goto	u505
   719  00A5  0821               	movf	readRegisters@amountOfAddresses,w
   720  00A6  022B               	subwf	_i,w
   721  00A7                     u505:	
   722  00A7  1803               	btfsc	3,0
   723  00A8  0008               	return
   724                           
   725                           ;SPI.c: 132: {
   726                           ;SPI.c: 133: transmitData(0x00);
   727  00A9  3000               	movlw	0
   728  00AA  118A  217F  118A   	fcall	_transmitData
   729                           
   730                           ;SPI.c: 134: i++;
   731  00AD  3001               	movlw	1
   732  00AE  1283               	bcf	3,5	;RP0=0, select bank0
   733  00AF  1303               	bcf	3,6	;RP1=0, select bank0
   734  00B0  07AB               	addwf	_i,f
   735  00B1  1803               	skipnc
   736  00B2  0AAC               	incf	_i+1,f
   737  00B3  3000               	movlw	0
   738  00B4  07AC               	addwf	_i+1,f
   739  00B5  289B               	goto	l1010
   740  00B6                     __end_of_readRegisters:	
   741                           
   742                           	psect	text3
   743  017F                     __ptext3:	
   744 ;; *************** function _transmitData *****************
   745 ;; Defined at:
   746 ;;		line 37 in file "SPI.c"
   747 ;; Parameters:    Size  Location     Type
   748 ;;  data            1    wreg     unsigned char 
   749 ;; Auto vars:     Size  Location     Type
   750 ;;  data            1    0[BANK0 ] unsigned char 
   751 ;; Return value:  Size  Location     Type
   752 ;;		None               void
   753 ;; Registers used:
   754 ;;		wreg
   755 ;; Tracked objects:
   756 ;;		On entry : 0/0
   757 ;;		On exit  : 0/0
   758 ;;		Unchanged: 0/0
   759 ;; Data sizes:     COMMON   BANK0   BANK1   BANK2
   760 ;;      Params:         0       0       0       0
   761 ;;      Locals:         0       1       0       0
   762 ;;      Temps:          0       0       0       0
   763 ;;      Totals:         0       1       0       0
   764 ;;Total ram usage:        1 bytes
   765 ;; Hardware stack levels used:    1
   766 ;; Hardware stack levels required when called:    2
   767 ;; This function calls:
   768 ;;		Nothing
   769 ;; This function is called by:
   770 ;;		_main
   771 ;;		_readRegisters
   772 ;;		_readBuffer
   773 ;;		_fillStandardDataFrame
   774 ;;		_setData
   775 ;;		_transmitBuffer
   776 ;; This function uses a non-reentrant model
   777 ;;
   778                           
   779                           
   780                           ;psect for function _transmitData
   781  017F                     _transmitData:	
   782                           
   783                           ;incstack = 0
   784                           ; Regs used in _transmitData: [wreg]
   785                           ;transmitData@data stored from wreg
   786  017F  1283               	bcf	3,5	;RP0=0, select bank0
   787  0180  1303               	bcf	3,6	;RP1=0, select bank0
   788  0181  00A0               	movwf	transmitData@data
   789                           
   790                           ;SPI.c: 39: SSPBUF = data;
   791  0182  0820               	movf	transmitData@data,w
   792  0183  0093               	movwf	19	;volatile
   793  0184  0008               	return
   794  0185                     __end_of_transmitData:	
   795                           
   796                           	psect	text4
   797  00B6                     __ptext4:	
   798 ;; *************** function _motor_start *****************
   799 ;; Defined at:
   800 ;;		line 101 in file "Motor control.c"
   801 ;; Parameters:    Size  Location     Type
   802 ;;  dir             1    wreg     unsigned char 
   803 ;;  speed           2    0[BANK0 ] int 
   804 ;; Auto vars:     Size  Location     Type
   805 ;;  dir             1    3[BANK0 ] unsigned char 
   806 ;; Return value:  Size  Location     Type
   807 ;;		None               void
   808 ;; Registers used:
   809 ;;		wreg, status,2, status,0
   810 ;; Tracked objects:
   811 ;;		On entry : 0/0
   812 ;;		On exit  : 0/0
   813 ;;		Unchanged: 0/0
   814 ;; Data sizes:     COMMON   BANK0   BANK1   BANK2
   815 ;;      Params:         0       2       0       0
   816 ;;      Locals:         0       1       0       0
   817 ;;      Temps:          0       1       0       0
   818 ;;      Totals:         0       4       0       0
   819 ;;Total ram usage:        4 bytes
   820 ;; Hardware stack levels used:    1
   821 ;; Hardware stack levels required when called:    2
   822 ;; This function calls:
   823 ;;		Nothing
   824 ;; This function is called by:
   825 ;;		_readBuffer
   826 ;; This function uses a non-reentrant model
   827 ;;
   828                           
   829                           
   830                           ;psect for function _motor_start
   831  00B6                     _motor_start:	
   832                           
   833                           ;incstack = 0
   834                           ; Regs used in _motor_start: [wreg+status,2+status,0]
   835                           ;motor_start@dir stored from wreg
   836  00B6  1283               	bcf	3,5	;RP0=0, select bank0
   837  00B7  1303               	bcf	3,6	;RP1=0, select bank0
   838  00B8  00A3               	movwf	motor_start@dir
   839                           
   840                           ;Motor control.c: 103: TRISC |= 0x30;
   841  00B9  3030               	movlw	48
   842  00BA  00A2               	movwf	??_motor_start
   843  00BB  0822               	movf	??_motor_start,w
   844  00BC  1683               	bsf	3,5	;RP0=1, select bank1
   845  00BD  1303               	bcf	3,6	;RP1=0, select bank1
   846  00BE  0487               	iorwf	7,f	;volatile
   847                           
   848                           ;Motor control.c: 104: CCPR1L = speed;
   849  00BF  1283               	bcf	3,5	;RP0=0, select bank0
   850  00C0  1303               	bcf	3,6	;RP1=0, select bank0
   851  00C1  0820               	movf	motor_start@speed,w
   852  00C2  0095               	movwf	21	;volatile
   853                           
   854                           ;Motor control.c: 105: if(!dir && !limit_right)
   855  00C3  08A3               	movf	motor_start@dir,f
   856  00C4  1D03               	skipz
   857  00C5  28D1               	goto	l1022
   858  00C6  08F8               	movf	_limit_right,f
   859  00C7  1D03               	skipz
   860  00C8  28D1               	goto	l1022
   861                           
   862                           ;Motor control.c: 106: {
   863                           ;Motor control.c: 107: CCP1CON |= 0x80;
   864  00C9  1797               	bsf	23,7	;volatile
   865                           
   866                           ;Motor control.c: 108: TRISC &= 0xEF;
   867  00CA  30EF               	movlw	239
   868  00CB  00A2               	movwf	??_motor_start
   869  00CC  0822               	movf	??_motor_start,w
   870  00CD  1683               	bsf	3,5	;RP0=1, select bank1
   871  00CE  1303               	bcf	3,6	;RP1=0, select bank1
   872  00CF  0587               	andwf	7,f	;volatile
   873                           
   874                           ;Motor control.c: 109: }
   875  00D0  0008               	return
   876  00D1                     l1022:	
   877                           
   878                           ;Motor control.c: 110: else if(dir && !limit_left)
   879  00D1  1283               	bcf	3,5	;RP0=0, select bank0
   880  00D2  0823               	movf	motor_start@dir,w
   881  00D3  1903               	btfsc	3,2
   882  00D4  0008               	return
   883  00D5  08F7               	movf	_limit_left,f
   884  00D6  1D03               	skipz
   885  00D7  0008               	return
   886                           
   887                           ;Motor control.c: 111: {
   888                           ;Motor control.c: 112: CCP1CON &= 0xBF;
   889  00D8  30BF               	movlw	191
   890  00D9  00A2               	movwf	??_motor_start
   891  00DA  0822               	movf	??_motor_start,w
   892  00DB  0597               	andwf	23,f	;volatile
   893                           
   894                           ;Motor control.c: 113: TRISC &= 0xDF;
   895  00DC  30DF               	movlw	223
   896  00DD  00A2               	movwf	??_motor_start
   897  00DE  0822               	movf	??_motor_start,w
   898  00DF  1683               	bsf	3,5	;RP0=1, select bank1
   899  00E0  1303               	bcf	3,6	;RP1=0, select bank1
   900  00E1  0587               	andwf	7,f	;volatile
   901                           
   902                           ;Motor control.c: 114: }
   903  00E2  1283               	bcf	3,5	;RP0=0, select bank0
   904  00E3  1303               	bcf	3,6	;RP1=0, select bank0
   905  00E4  0008               	return
   906  00E5                     __end_of_motor_start:	
   907                           ;Motor control.c: 115: else{}
   908                           
   909                           
   910                           	psect	text5
   911  0167                     __ptext5:	
   912 ;; *************** function _initSPI *****************
   913 ;; Defined at:
   914 ;;		line 8 in file "SPI.c"
   915 ;; Parameters:    Size  Location     Type
   916 ;;		None
   917 ;; Auto vars:     Size  Location     Type
   918 ;;		None
   919 ;; Return value:  Size  Location     Type
   920 ;;		None               void
   921 ;; Registers used:
   922 ;;		wreg, status,2, status,0
   923 ;; Tracked objects:
   924 ;;		On entry : 0/0
   925 ;;		On exit  : 0/0
   926 ;;		Unchanged: 0/0
   927 ;; Data sizes:     COMMON   BANK0   BANK1   BANK2
   928 ;;      Params:         0       0       0       0
   929 ;;      Locals:         0       0       0       0
   930 ;;      Temps:          0       1       0       0
   931 ;;      Totals:         0       1       0       0
   932 ;;Total ram usage:        1 bytes
   933 ;; Hardware stack levels used:    1
   934 ;; Hardware stack levels required when called:    2
   935 ;; This function calls:
   936 ;;		Nothing
   937 ;; This function is called by:
   938 ;;		_main
   939 ;; This function uses a non-reentrant model
   940 ;;
   941                           
   942                           
   943                           ;psect for function _initSPI
   944  0167                     _initSPI:	
   945                           
   946                           ;SPI.c: 10: SSPCON &= ~(1 << 5);
   947                           
   948                           ;incstack = 0
   949                           ; Regs used in _initSPI: [wreg+status,2+status,0]
   950  0167  30DF               	movlw	223
   951  0168  1283               	bcf	3,5	;RP0=0, select bank0
   952  0169  1303               	bcf	3,6	;RP1=0, select bank0
   953  016A  00A0               	movwf	??_initSPI
   954  016B  0820               	movf	??_initSPI,w
   955  016C  0594               	andwf	20,f	;volatile
   956                           
   957                           ;SPI.c: 11: SSPSTAT &= ~(1 << 7);
   958  016D  307F               	movlw	127
   959  016E  00A0               	movwf	??_initSPI
   960  016F  0820               	movf	??_initSPI,w
   961  0170  1683               	bsf	3,5	;RP0=1, select bank1
   962  0171  1303               	bcf	3,6	;RP1=0, select bank1
   963  0172  0594               	andwf	20,f	;volatile
   964                           
   965                           ;SPI.c: 12: SSPSTAT |= (1 << 6);
   966  0173  1714               	bsf	20,6	;volatile
   967  0174  0008               	return
   968  0175                     __end_of_initSPI:	
   969                           
   970                           	psect	text6
   971  0114                     __ptext6:	
   972 ;; *************** function _initMaster *****************
   973 ;; Defined at:
   974 ;;		line 15 in file "SPI.c"
   975 ;; Parameters:    Size  Location     Type
   976 ;;		None
   977 ;; Auto vars:     Size  Location     Type
   978 ;;		None
   979 ;; Return value:  Size  Location     Type
   980 ;;		None               void
   981 ;; Registers used:
   982 ;;		wreg, status,2, status,0
   983 ;; Tracked objects:
   984 ;;		On entry : 0/0
   985 ;;		On exit  : 0/0
   986 ;;		Unchanged: 0/0
   987 ;; Data sizes:     COMMON   BANK0   BANK1   BANK2
   988 ;;      Params:         0       0       0       0
   989 ;;      Locals:         0       0       0       0
   990 ;;      Temps:          0       1       0       0
   991 ;;      Totals:         0       1       0       0
   992 ;;Total ram usage:        1 bytes
   993 ;; Hardware stack levels used:    1
   994 ;; Hardware stack levels required when called:    2
   995 ;; This function calls:
   996 ;;		Nothing
   997 ;; This function is called by:
   998 ;;		_main
   999 ;; This function uses a non-reentrant model
  1000 ;;
  1001                           
  1002                           
  1003                           ;psect for function _initMaster
  1004  0114                     _initMaster:	
  1005                           
  1006                           ;SPI.c: 17: SSPCON &= ~(0xF);
  1007                           
  1008                           ;incstack = 0
  1009                           ; Regs used in _initMaster: [wreg+status,2+status,0]
  1010  0114  30F0               	movlw	240
  1011  0115  1283               	bcf	3,5	;RP0=0, select bank0
  1012  0116  1303               	bcf	3,6	;RP1=0, select bank0
  1013  0117  00A0               	movwf	??_initMaster
  1014  0118  0820               	movf	??_initMaster,w
  1015  0119  0594               	andwf	20,f	;volatile
  1016                           
  1017                           ;SPI.c: 18: SSPCON &= ~(1 << 5);
  1018  011A  30DF               	movlw	223
  1019  011B  00A0               	movwf	??_initMaster
  1020  011C  0820               	movf	??_initMaster,w
  1021  011D  0594               	andwf	20,f	;volatile
  1022                           
  1023                           ;SPI.c: 19: SSPCON |= (1 << 5);
  1024  011E  1694               	bsf	20,5	;volatile
  1025                           
  1026                           ;SPI.c: 20: TRISC &= ~(1 << 7);
  1027  011F  307F               	movlw	127
  1028  0120  00A0               	movwf	??_initMaster
  1029  0121  0820               	movf	??_initMaster,w
  1030  0122  1683               	bsf	3,5	;RP0=1, select bank1
  1031  0123  1303               	bcf	3,6	;RP1=0, select bank1
  1032  0124  0587               	andwf	7,f	;volatile
  1033                           
  1034                           ;SPI.c: 21: TRISB &= ~(1 << 6);
  1035  0125  30BF               	movlw	191
  1036  0126  1283               	bcf	3,5	;RP0=0, select bank0
  1037  0127  1303               	bcf	3,6	;RP1=0, select bank0
  1038  0128  00A0               	movwf	??_initMaster
  1039  0129  0820               	movf	??_initMaster,w
  1040  012A  1683               	bsf	3,5	;RP0=1, select bank1
  1041  012B  1303               	bcf	3,6	;RP1=0, select bank1
  1042  012C  0586               	andwf	6,f	;volatile
  1043                           
  1044                           ;SPI.c: 22: TRISC &= ~(1 << 6);
  1045  012D  30BF               	movlw	191
  1046  012E  1283               	bcf	3,5	;RP0=0, select bank0
  1047  012F  1303               	bcf	3,6	;RP1=0, select bank0
  1048  0130  00A0               	movwf	??_initMaster
  1049  0131  0820               	movf	??_initMaster,w
  1050  0132  1683               	bsf	3,5	;RP0=1, select bank1
  1051  0133  1303               	bcf	3,6	;RP1=0, select bank1
  1052  0134  0587               	andwf	7,f	;volatile
  1053  0135  0008               	return
  1054  0136                     __end_of_initMaster:	
  1055                           
  1056                           	psect	text7
  1057  0185                     __ptext7:	
  1058 ;; *************** function _Motor_control_init *****************
  1059 ;; Defined at:
  1060 ;;		line 49 in file "Motor control.c"
  1061 ;; Parameters:    Size  Location     Type
  1062 ;;		None
  1063 ;; Auto vars:     Size  Location     Type
  1064 ;;		None
  1065 ;; Return value:  Size  Location     Type
  1066 ;;		None               void
  1067 ;; Registers used:
  1068 ;;		wreg, status,2, status,0, pclath, cstack
  1069 ;; Tracked objects:
  1070 ;;		On entry : 0/0
  1071 ;;		On exit  : 0/0
  1072 ;;		Unchanged: 0/0
  1073 ;; Data sizes:     COMMON   BANK0   BANK1   BANK2
  1074 ;;      Params:         0       0       0       0
  1075 ;;      Locals:         0       0       0       0
  1076 ;;      Temps:          0       0       0       0
  1077 ;;      Totals:         0       0       0       0
  1078 ;;Total ram usage:        0 bytes
  1079 ;; Hardware stack levels used:    1
  1080 ;; Hardware stack levels required when called:    3
  1081 ;; This function calls:
  1082 ;;		_PWM_init
  1083 ;;		_stopper_init
  1084 ;; This function is called by:
  1085 ;;		_main
  1086 ;; This function uses a non-reentrant model
  1087 ;;
  1088                           
  1089                           
  1090                           ;psect for function _Motor_control_init
  1091  0185                     _Motor_control_init:	
  1092                           
  1093                           ;Motor control.c: 51: PWM_init();
  1094                           
  1095                           ;incstack = 0
  1096                           ; Regs used in _Motor_control_init: [wreg+status,2+status,0+pclath+cstack]
  1097  0185  118A  2136  118A   	fcall	_PWM_init
  1098                           
  1099                           ;Motor control.c: 52: stopper_init();
  1100  0188  118A  2154         	fcall	_stopper_init
  1101  018A  0008               	return
  1102  018B                     __end_of_Motor_control_init:	
  1103                           
  1104                           	psect	text8
  1105  0154                     __ptext8:	
  1106 ;; *************** function _stopper_init *****************
  1107 ;; Defined at:
  1108 ;;		line 81 in file "Motor control.c"
  1109 ;; Parameters:    Size  Location     Type
  1110 ;;		None
  1111 ;; Auto vars:     Size  Location     Type
  1112 ;;		None
  1113 ;; Return value:  Size  Location     Type
  1114 ;;		None               void
  1115 ;; Registers used:
  1116 ;;		wreg, status,2
  1117 ;; Tracked objects:
  1118 ;;		On entry : 0/0
  1119 ;;		On exit  : 0/0
  1120 ;;		Unchanged: 0/0
  1121 ;; Data sizes:     COMMON   BANK0   BANK1   BANK2
  1122 ;;      Params:         0       0       0       0
  1123 ;;      Locals:         0       0       0       0
  1124 ;;      Temps:          0       0       0       0
  1125 ;;      Totals:         0       0       0       0
  1126 ;;Total ram usage:        0 bytes
  1127 ;; Hardware stack levels used:    1
  1128 ;; Hardware stack levels required when called:    2
  1129 ;; This function calls:
  1130 ;;		Nothing
  1131 ;; This function is called by:
  1132 ;;		_Motor_control_init
  1133 ;; This function uses a non-reentrant model
  1134 ;;
  1135                           
  1136                           
  1137                           ;psect for function _stopper_init
  1138  0154                     _stopper_init:	
  1139                           
  1140                           ;Motor control.c: 83: ANSEL = 0;
  1141                           
  1142                           ;incstack = 0
  1143                           ; Regs used in _stopper_init: [wreg+status,2]
  1144  0154  1283               	bcf	3,5	;RP0=0, select bank2
  1145  0155  1703               	bsf	3,6	;RP1=1, select bank2
  1146  0156  019E               	clrf	30	;volatile
  1147                           
  1148                           ;Motor control.c: 84: ANSELH = 0;
  1149  0157  019F               	clrf	31	;volatile
  1150                           
  1151                           ;Motor control.c: 85: PORTB = 0x00;
  1152  0158  1283               	bcf	3,5	;RP0=0, select bank0
  1153  0159  1303               	bcf	3,6	;RP1=0, select bank0
  1154  015A  0186               	clrf	6	;volatile
  1155                           
  1156                           ;Motor control.c: 86: TRISB = 0xFF;
  1157  015B  30FF               	movlw	255
  1158  015C  1683               	bsf	3,5	;RP0=1, select bank1
  1159  015D  1303               	bcf	3,6	;RP1=0, select bank1
  1160  015E  0086               	movwf	6	;volatile
  1161                           
  1162                           ;Motor control.c: 88: IOCB5 = 1;
  1163  015F  1283               	bcf	3,5	;RP0=0, select bank2
  1164  0160  1703               	bsf	3,6	;RP1=1, select bank2
  1165  0161  1696               	bsf	22,5	;volatile
  1166                           
  1167                           ;Motor control.c: 89: IOCB7 = 1;
  1168  0162  1796               	bsf	22,7	;volatile
  1169                           
  1170                           ;Motor control.c: 90: RABIE = 1;
  1171  0163  158B               	bsf	11,3	;volatile
  1172                           
  1173                           ;Motor control.c: 91: RABIF = 0;
  1174  0164  100B               	bcf	11,0	;volatile
  1175                           
  1176                           ;Motor control.c: 92: GIE = 1;
  1177  0165  178B               	bsf	11,7	;volatile
  1178  0166  0008               	return
  1179  0167                     __end_of_stopper_init:	
  1180                           
  1181                           	psect	text9
  1182  0136                     __ptext9:	
  1183 ;; *************** function _PWM_init *****************
  1184 ;; Defined at:
  1185 ;;		line 60 in file "Motor control.c"
  1186 ;; Parameters:    Size  Location     Type
  1187 ;;		None
  1188 ;; Auto vars:     Size  Location     Type
  1189 ;;		None
  1190 ;; Return value:  Size  Location     Type
  1191 ;;		None               void
  1192 ;; Registers used:
  1193 ;;		wreg, status,2, status,0
  1194 ;; Tracked objects:
  1195 ;;		On entry : 0/0
  1196 ;;		On exit  : 0/0
  1197 ;;		Unchanged: 0/0
  1198 ;; Data sizes:     COMMON   BANK0   BANK1   BANK2
  1199 ;;      Params:         0       0       0       0
  1200 ;;      Locals:         0       0       0       0
  1201 ;;      Temps:          0       1       0       0
  1202 ;;      Totals:         0       1       0       0
  1203 ;;Total ram usage:        1 bytes
  1204 ;; Hardware stack levels used:    1
  1205 ;; Hardware stack levels required when called:    2
  1206 ;; This function calls:
  1207 ;;		Nothing
  1208 ;; This function is called by:
  1209 ;;		_Motor_control_init
  1210 ;; This function uses a non-reentrant model
  1211 ;;
  1212                           
  1213                           
  1214                           ;psect for function _PWM_init
  1215  0136                     _PWM_init:	
  1216                           
  1217                           ;Motor control.c: 62: limit_left = 0;
  1218                           
  1219                           ;incstack = 0
  1220                           ; Regs used in _PWM_init: [wreg+status,2+status,0]
  1221  0136  01F7               	clrf	_limit_left
  1222                           
  1223                           ;Motor control.c: 63: limit_right = 0;
  1224  0137  01F8               	clrf	_limit_right
  1225                           
  1226                           ;Motor control.c: 65: TRISC |= 0x30;
  1227  0138  3030               	movlw	48
  1228  0139  1283               	bcf	3,5	;RP0=0, select bank0
  1229  013A  1303               	bcf	3,6	;RP1=0, select bank0
  1230  013B  00A0               	movwf	??_PWM_init
  1231  013C  0820               	movf	??_PWM_init,w
  1232  013D  1683               	bsf	3,5	;RP0=1, select bank1
  1233  013E  1303               	bcf	3,6	;RP1=0, select bank1
  1234  013F  0487               	iorwf	7,f	;volatile
  1235                           
  1236                           ;Motor control.c: 66: PR2 = 0xFF;
  1237  0140  30FF               	movlw	255
  1238  0141  0092               	movwf	18	;volatile
  1239                           
  1240                           ;Motor control.c: 67: CCP1CON = 0x4C;
  1241  0142  304C               	movlw	76
  1242  0143  1283               	bcf	3,5	;RP0=0, select bank0
  1243  0144  1303               	bcf	3,6	;RP1=0, select bank0
  1244  0145  0097               	movwf	23	;volatile
  1245                           
  1246                           ;Motor control.c: 68: CCPR1L = 0x8F;
  1247  0146  308F               	movlw	143
  1248  0147  0095               	movwf	21	;volatile
  1249                           
  1250                           ;Motor control.c: 69: PIR1 &= 0xFD;
  1251  0148  30FD               	movlw	253
  1252  0149  00A0               	movwf	??_PWM_init
  1253  014A  0820               	movf	??_PWM_init,w
  1254  014B  058C               	andwf	12,f	;volatile
  1255                           
  1256                           ;Motor control.c: 70: PWM1CON = 0x08;
  1257  014C  3008               	movlw	8
  1258  014D  009C               	movwf	28	;volatile
  1259                           
  1260                           ;Motor control.c: 71: T2CON = 0x03;
  1261  014E  3003               	movlw	3
  1262  014F  0092               	movwf	18	;volatile
  1263                           
  1264                           ;Motor control.c: 72: T2CON |= 0x04;
  1265  0150  1512               	bsf	18,2	;volatile
  1266  0151                     l141:	
  1267                           ;Motor control.c: 73: while((PIR1 & 0x02) == 0){}
  1268                           
  1269  0151  188C               	btfsc	12,1	;volatile
  1270  0152  0008               	return
  1271  0153  2951               	goto	l141
  1272  0154                     __end_of_PWM_init:	
  1273                           
  1274                           	psect	text10
  1275  00E5                     __ptext10:	
  1276 ;; *************** function _IOC_ISR *****************
  1277 ;; Defined at:
  1278 ;;		line 27 in file "Motor control.c"
  1279 ;; Parameters:    Size  Location     Type
  1280 ;;		None
  1281 ;; Auto vars:     Size  Location     Type
  1282 ;;		None
  1283 ;; Return value:  Size  Location     Type
  1284 ;;		None               void
  1285 ;; Registers used:
  1286 ;;		wreg, status,2, status,0, pclath, cstack
  1287 ;; Tracked objects:
  1288 ;;		On entry : 0/0
  1289 ;;		On exit  : 0/0
  1290 ;;		Unchanged: 0/0
  1291 ;; Data sizes:     COMMON   BANK0   BANK1   BANK2
  1292 ;;      Params:         0       0       0       0
  1293 ;;      Locals:         0       0       0       0
  1294 ;;      Temps:          5       0       0       0
  1295 ;;      Totals:         5       0       0       0
  1296 ;;Total ram usage:        5 bytes
  1297 ;; Hardware stack levels used:    1
  1298 ;; Hardware stack levels required when called:    1
  1299 ;; This function calls:
  1300 ;;		_motor_stop
  1301 ;; This function is called by:
  1302 ;;		Interrupt level 1
  1303 ;; This function uses a non-reentrant model
  1304 ;;
  1305                           
  1306                           
  1307                           ;psect for function _IOC_ISR
  1308  00E5                     _IOC_ISR:	
  1309                           
  1310                           ;Motor control.c: 29: if(((PORTB & 0x80) >> 7) == 1)
  1311  00E5  0806               	movf	6,w	;volatile
  1312  00E6  00F1               	movwf	??_IOC_ISR
  1313  00E7  3007               	movlw	7
  1314  00E8                     u24_25:	
  1315  00E8  1003               	clrc
  1316  00E9  0CF1               	rrf	??_IOC_ISR,f
  1317  00EA  3EFF               	addlw	-1
  1318  00EB  1D03               	skipz
  1319  00EC  28E8               	goto	u24_25
  1320  00ED  1C71               	btfss	??_IOC_ISR,0
  1321  00EE  28F5               	goto	i1l830
  1322                           
  1323                           ;Motor control.c: 30: {
  1324                           ;Motor control.c: 31: motor_stop();
  1325  00EF  118A  2175  118A   	fcall	_motor_stop
  1326                           
  1327                           ;Motor control.c: 32: limit_left = 1;
  1328  00F2  01F7               	clrf	_limit_left
  1329  00F3  0AF7               	incf	_limit_left,f
  1330                           
  1331                           ;Motor control.c: 33: }
  1332  00F4  2906               	goto	i1l836
  1333  00F5                     i1l830:	
  1334                           
  1335                           ;Motor control.c: 34: else if(((PORTB & 0x20) >> 5) == 1)
  1336  00F5  1283               	bcf	3,5	;RP0=0, select bank0
  1337  00F6  1303               	bcf	3,6	;RP1=0, select bank0
  1338  00F7  0806               	movf	6,w	;volatile
  1339  00F8  00F1               	movwf	??_IOC_ISR
  1340  00F9  3005               	movlw	5
  1341  00FA                     u26_25:	
  1342  00FA  1003               	clrc
  1343  00FB  0CF1               	rrf	??_IOC_ISR,f
  1344  00FC  3EFF               	addlw	-1
  1345  00FD  1D03               	skipz
  1346  00FE  28FA               	goto	u26_25
  1347  00FF  1C71               	btfss	??_IOC_ISR,0
  1348  0100  2906               	goto	i1l836
  1349                           
  1350                           ;Motor control.c: 35: {
  1351                           ;Motor control.c: 36: motor_stop();
  1352  0101  118A  2175  118A   	fcall	_motor_stop
  1353                           
  1354                           ;Motor control.c: 37: limit_right = 1;
  1355  0104  01F8               	clrf	_limit_right
  1356  0105  0AF8               	incf	_limit_right,f
  1357  0106                     i1l836:	
  1358                           
  1359                           ;Motor control.c: 38: }
  1360                           ;Motor control.c: 42: RABIF = 0;
  1361  0106  100B               	bcf	11,0	;volatile
  1362  0107  0875               	movf	??_IOC_ISR+4,w
  1363  0108  1283               	bcf	3,5	;RP0=0, select bank0
  1364  0109  1303               	bcf	3,6	;RP1=0, select bank0
  1365  010A  00FF               	movwf	127
  1366  010B  0874               	movf	??_IOC_ISR+3,w
  1367  010C  008A               	movwf	10
  1368  010D  0873               	movf	??_IOC_ISR+2,w
  1369  010E  0084               	movwf	4
  1370  010F  0E72               	swapf	(??_IOC_ISR+1)^(0+-128),w
  1371  0110  0083               	movwf	3
  1372  0111  0EFE               	swapf	126,f
  1373  0112  0E7E               	swapf	126,w
  1374  0113  0009               	retfie
  1375  0114                     __end_of_IOC_ISR:	
  1376                           
  1377                           	psect	intentry
  1378  0004                     __pintentry:	
  1379                           ;incstack = 0
  1380                           ; Regs used in _IOC_ISR: [wreg+status,2+status,0+pclath+cstack]
  1381                           
  1382  0004                     interrupt_function:	
  1383  007E                     saved_w	set	btemp
  1384  0004  00FE               	movwf	btemp
  1385  0005  0E03               	swapf	3,w
  1386  0006  00F2               	movwf	??_IOC_ISR+1
  1387  0007  0804               	movf	4,w
  1388  0008  00F3               	movwf	??_IOC_ISR+2
  1389  0009  080A               	movf	10,w
  1390  000A  00F4               	movwf	??_IOC_ISR+3
  1391  000B  1283               	bcf	3,5	;RP0=0, select bank0
  1392  000C  1303               	bcf	3,6	;RP1=0, select bank0
  1393  000D  087F               	movf	btemp+1,w
  1394  000E  00F5               	movwf	??_IOC_ISR+4
  1395  000F  118A  28E5         	ljmp	_IOC_ISR
  1396                           
  1397                           	psect	text11
  1398  0175                     __ptext11:	
  1399 ;; *************** function _motor_stop *****************
  1400 ;; Defined at:
  1401 ;;		line 121 in file "Motor control.c"
  1402 ;; Parameters:    Size  Location     Type
  1403 ;;		None
  1404 ;; Auto vars:     Size  Location     Type
  1405 ;;		None
  1406 ;; Return value:  Size  Location     Type
  1407 ;;		None               void
  1408 ;; Registers used:
  1409 ;;		wreg, status,2, status,0
  1410 ;; Tracked objects:
  1411 ;;		On entry : 0/0
  1412 ;;		On exit  : 0/0
  1413 ;;		Unchanged: 0/0
  1414 ;; Data sizes:     COMMON   BANK0   BANK1   BANK2
  1415 ;;      Params:         0       0       0       0
  1416 ;;      Locals:         0       0       0       0
  1417 ;;      Temps:          1       0       0       0
  1418 ;;      Totals:         1       0       0       0
  1419 ;;Total ram usage:        1 bytes
  1420 ;; Hardware stack levels used:    1
  1421 ;; This function calls:
  1422 ;;		Nothing
  1423 ;; This function is called by:
  1424 ;;		_IOC_ISR
  1425 ;; This function uses a non-reentrant model
  1426 ;;
  1427                           
  1428                           
  1429                           ;psect for function _motor_stop
  1430  0175                     _motor_stop:	
  1431                           
  1432                           ;Motor control.c: 123: CCPR1L = 0;
  1433                           
  1434                           ;incstack = 0
  1435                           ; Regs used in _motor_stop: [wreg+status,2+status,0]
  1436  0175  1283               	bcf	3,5	;RP0=0, select bank0
  1437  0176  1303               	bcf	3,6	;RP1=0, select bank0
  1438  0177  0195               	clrf	21	;volatile
  1439                           
  1440                           ;Motor control.c: 124: TRISC |= 0x30;
  1441  0178  3030               	movlw	48
  1442  0179  00F0               	movwf	??_motor_stop
  1443  017A  0870               	movf	??_motor_stop,w
  1444  017B  1683               	bsf	3,5	;RP0=1, select bank1
  1445  017C  1303               	bcf	3,6	;RP1=0, select bank1
  1446  017D  0487               	iorwf	7,f	;volatile
  1447  017E  0008               	return
  1448  017F                     __end_of_motor_stop:	
  1449  007E                     btemp	set	126	;btemp
  1450  007E                     wtemp	set	126
  1451  007E                     wtemp0	set	126
  1452  0080                     wtemp1	set	128
  1453  0082                     wtemp2	set	130
  1454  0084                     wtemp3	set	132
  1455  0086                     wtemp4	set	134
  1456  0088                     wtemp5	set	136
  1457  007F                     wtemp6	set	127
  1458  007E                     ttemp	set	126
  1459  007E                     ttemp0	set	126
  1460  0081                     ttemp1	set	129
  1461  0084                     ttemp2	set	132
  1462  0087                     ttemp3	set	135
  1463  007F                     ttemp4	set	127
  1464  007E                     ltemp	set	126
  1465  007E                     ltemp0	set	126
  1466  0082                     ltemp1	set	130
  1467  0086                     ltemp2	set	134
  1468  0080                     ltemp3	set	128


Data Sizes:
    Strings     0
    Constant    0
    Data        0
    BSS         5
    Persistent  0
    Stack       0

Auto Spaces:
    Space          Size  Autos    Used
    COMMON           14      6       9
    BANK0            80     11      13
    BANK1            80      0       0
    BANK2            80      0       0

Pointer List with Targets:

    None.

Critical Paths under _main in COMMON

    None.

Critical Paths under _IOC_ISR in COMMON

    _IOC_ISR->_motor_stop

Critical Paths under _main in BANK0

    _main->_readBuffer
    _readBuffer->_readRegisters
    _readRegisters->_transmitData
    _Motor_control_init->_PWM_init

Critical Paths under _IOC_ISR in BANK0

    None.

Critical Paths under _main in BANK1

    None.

Critical Paths under _IOC_ISR in BANK1

    None.

Critical Paths under _main in BANK2

    None.

Critical Paths under _IOC_ISR in BANK2

    None.

Call Graph Tables:

 ---------------------------------------------------------------------------------
 (Depth) Function   	        Calls       Base Space   Used Autos Params    Refs
 ---------------------------------------------------------------------------------
 (0) _main                                                 5     1      4     443
                                              6 BANK0      5     1      4
                 _Motor_control_init
                         _initMaster
                            _initSPI
                         _readBuffer
                       _transmitData
 ---------------------------------------------------------------------------------
 (1) _readBuffer                                           1     1      0     412
                                              5 BANK0      1     1      0
                        _motor_start
                      _readRegisters
                       _transmitData
 ---------------------------------------------------------------------------------
 (2) _readRegisters                                        4     2      2     158
                                              1 BANK0      4     2      2
                       _transmitData
 ---------------------------------------------------------------------------------
 (1) _transmitData                                         1     1      0      31
                                              0 BANK0      1     1      0
 ---------------------------------------------------------------------------------
 (2) _motor_start                                          4     2      2     223
                                              0 BANK0      4     2      2
 ---------------------------------------------------------------------------------
 (1) _initSPI                                              1     1      0       0
                                              0 BANK0      1     1      0
 ---------------------------------------------------------------------------------
 (1) _initMaster                                           1     1      0       0
                                              0 BANK0      1     1      0
 ---------------------------------------------------------------------------------
 (1) _Motor_control_init                                   0     0      0       0
                           _PWM_init
                       _stopper_init
 ---------------------------------------------------------------------------------
 (2) _stopper_init                                         0     0      0       0
 ---------------------------------------------------------------------------------
 (2) _PWM_init                                             1     1      0       0
                                              0 BANK0      1     1      0
 ---------------------------------------------------------------------------------
 Estimated maximum stack depth 2
 ---------------------------------------------------------------------------------
 (Depth) Function   	        Calls       Base Space   Used Autos Params    Refs
 ---------------------------------------------------------------------------------
 (4) _IOC_ISR                                              5     5      0       0
                                              1 COMMON     5     5      0
                         _motor_stop
 ---------------------------------------------------------------------------------
 (5) _motor_stop                                           1     1      0       0
                                              0 COMMON     1     1      0
 ---------------------------------------------------------------------------------
 Estimated maximum stack depth 5
 ---------------------------------------------------------------------------------

 Call Graph Graphs:

 _main (ROOT)
   _Motor_control_init
     _PWM_init
     _stopper_init
   _initMaster
   _initSPI
   _readBuffer
     _motor_start
     _readRegisters
       _transmitData
     _transmitData
   _transmitData

 _IOC_ISR (ROOT)
   _motor_stop

 Address spaces:
Name               Size   Autos  Total    Cost      Usage
BITCOMMON            E      0       0       0        0.0%
EEDATA             100      0       0       0        0.0%
NULL                 0      0       0       0        0.0%
CODE                 0      0       0       0        0.0%
COMMON               E      6       9       1       64.3%
BITSFR0              0      0       0       1        0.0%
SFR0                 0      0       0       1        0.0%
BITSFR1              0      0       0       2        0.0%
SFR1                 0      0       0       2        0.0%
STACK                0      0       0       2        0.0%
BANK0               50      B       D       3       16.3%
BITBANK1            50      0       0       4        0.0%
BITSFR3              0      0       0       4        0.0%
SFR3                 0      0       0       4        0.0%
BANK1               50      0       0       5        0.0%
BITSFR2              0      0       0       5        0.0%
SFR2                 0      0       0       5        0.0%
BITBANK2            50      0       0       6        0.0%
BANK2               50      0       0       7        0.0%
ABS                  0      0      16       8        0.0%
BITBANK0            50      0       0       9        0.0%
DATA                 0      0      16      10        0.0%


Microchip Technology PIC Macro Assembler V1.33 build 59893 
Symbol Table                                                                                   Mon Jan 26 12:19:55 2015

                             _i 002B                             l141 0151                             _GIE 005F  
                           _PR2 0092                             u505 00A7                             fsr0 0004  
               __end_of_IOC_ISR 0114                            l1010 009B                            l1022 00D1  
                          l1110 0083                            l1086 0046                    _transmitData 017F  
   __size_of_Motor_control_init 0006                            _PIR1 000C                            _main 0054  
                          _byte 0076                            btemp 007E                            ltemp 007E  
                          start 0011                            ttemp 007E                            wtemp 007E  
                         ?_main 0026                           _ANSEL 011E                           _T2CON 0012  
                         _IOCB5 08B5                           _IOCB7 08B7                           _RABIE 005B  
                         _RABIF 0058                           i1l830 00F5                           i1l836 0106  
                         u24_25 00E8                           u26_25 00FA                           _PORTB 0006  
                         _PORTC 0007                           _TRISB 0086                           _TRISC 0087  
               __end_of_initSPI 0175           __size_of_stopper_init 0013                           pclath 000A  
                         ltemp0 007E                           ltemp1 0082                           ltemp2 0086  
                         ltemp3 0080                __end_of_PWM_init 0154                           ttemp0 007E  
                         ttemp1 0081                           ttemp2 0084                           ttemp3 0087  
                         ttemp4 007F                           status 0003                           wtemp0 007E  
                         wtemp1 0080                           wtemp2 0082                           wtemp3 0084  
                         wtemp4 0086                           wtemp5 0088                           wtemp6 007F  
               __initialization 0013                    __end_of_main 0087                          ??_main 002A  
                  _stopper_init 0154                       ??_IOC_ISR 0071                          _CCPR1L 0015  
                        _ANSELH 011F          __size_of_readRegisters 002F                          _SSPCON 0014  
                        _SSPBUF 0013                    ?_motor_start 0020                       ??_initSPI 0020  
                        saved_w 007E         __end_of__initialization 0018                  __pcstackCOMMON 0070  
                 _readRegisters 0087                       ?_PWM_init 0070                      __pbssBANK0 002B  
                    __pmaintext 0054                  ?_readRegisters 0021                      __pintentry 0004  
                       _CCP1CON 0017                      ??_PWM_init 0020                         _IOC_ISR 00E5  
    __end_of_Motor_control_init 018B                         _PWM1CON 001C                         _SSPSTAT 0094  
              motor_start@speed 0020                      _initMaster 0114                      _readBuffer 001B  
                       __ptext0 0000                         __ptext1 001B                         __ptext2 0087  
                       __ptext3 017F                         __ptext4 00B6                         __ptext5 0167  
                       __ptext6 0114                         __ptext7 0185                         __ptext8 0154  
                       __ptext9 0136                      _limit_left 0077                         _initSPI 0167  
          __size_of_motor_start 002F            end_of_initialization 0018                 ??_readRegisters 0023  
                    _motor_stop 0175                     ?_initMaster 0070                transmitData@data 0020  
                   ?_readBuffer 0070             start_initialization 0013               __size_of_PWM_init 001E  
                 ?_transmitData 0070                     ?_motor_stop 0070       readRegisters@startAddress 0024  
                      ?_IOC_ISR 0070                     __pbssCOMMON 0076                       ___latbits 0001  
                 __pcstackBANK0 0020                  ??_transmitData 0020             __size_of_initMaster 0022  
           __size_of_readBuffer 0039              _Motor_control_init 0185             ?_Motor_control_init 0070  
                      ?_initSPI 0070                   ?_stopper_init 0070            ??_Motor_control_init 0021  
           __size_of_motor_stop 000A               interrupt_function 0004  readRegisters@amountOfAddresses 0021  
                 ??_motor_start 0022                  ??_stopper_init 0020                        _PWM_init 0136  
              __size_of_IOC_ISR 002F                    ??_initMaster 0020                    ??_readBuffer 0025  
         __end_of_readRegisters 00B6            __end_of_transmitData 0185                __size_of_initSPI 000E  
                      __ptext10 00E5                        __ptext11 0175             __end_of_motor_start 00E5  
            __end_of_initMaster 0136              __end_of_readBuffer 0054                  motor_start@dir 0023  
                   _limit_right 0078                   __size_of_main 0033                    ??_motor_stop 0070  
                      main@argc 0026                        main@argv 0028                        intlevel1 0000  
            __end_of_motor_stop 017F            __end_of_stopper_init 0167                     _motor_start 00B6  
         __size_of_transmitData 0006  
